<?xml version="1.0" encoding="UTF-8"?>
<!-- Generated by org.testng.reporters.JUnitXMLReporter -->
<testsuite ignored="0" hostname="DESKTOP-36TQ139" failures="0" tests="4" name="Surefire test" time="18.169" errors="0" timestamp="2024-01-31T13:31:14 EET">
  <testcase classname="com.google.tests.N_0001_SearchResultsClickingSearchButtonUnderSearchFieldTest" name="searchResultsClickingSearchButtonUnderSearchField" time="3.518"/>
  <testcase classname="com.google.tests.N_0002_SearchResultsClickingSearchButtonOnDropDownMenuTest" name="searchResultsClickingSearchButtonOnDropDownMenu" time="3.584"/>
  <testcase classname="com.google.tests.N_0003_SearchResultsClickingEnterButtonTest" name="searchResultsClickingEnterButton" time="3.03"/>
  <testcase classname="com.google.tests.N_0004_ClickSearchButtonWhenSearchFieldIsEmptyTest" name="clickSearchButtonWhenSearchFieldIsEmpty" time="1.235"/>
</testsuite> <!-- Surefire test -->
